2024-07-12 00:00:00,009 INFO [scheduling-1] c.s.j.BulkFileProcessJob scheduleTaskUsingCronExpression:23 - Starting Bulk File Process Job
2024-07-12 00:00:00,276 INFO [scheduling-1] c.s.j.BulkFileProcessJob scheduleTaskUsingCronExpression:29 - Stopping Bulk File Process Job
2024-07-12 00:00:00,276 INFO [scheduling-1] c.s.j.CsvFileImportJob scheduleTaskUsingCronExpression:21 - Starting FNCA File Process Job
2024-07-12 00:00:01,171 INFO [scheduling-1] c.s.j.CsvFileImportJob scheduleTaskUsingCronExpression:27 - Stopping FNCA File Process Job
2024-07-12 00:00:03,402 INFO [RMI TCP Connection(7)-127.0.0.1] o.s.b.a.SpringApplicationAdminMXBeanRegistrar$SpringApplicationAdmin shutdown:159 - Application shutdown requested.
2024-07-12 00:01:22,271 INFO [restartedMain] c.s.Application logStarting:50 - Starting Application using Java 17.0.5 with PID 30376 (C:\Users\AnkitPandey\Personal\SmartKrow\target\classes started by AnkitPandey in C:\Users\AnkitPandey\Personal\SmartKrow)
2024-07-12 00:01:22,273 INFO [restartedMain] c.s.Application logStartupProfileInfo:660 - The following 1 profile is active: "local"
2024-07-12 00:01:22,331 INFO [restartedMain] o.s.b.d.e.DevToolsPropertyDefaultsPostProcessor logTo:252 - Devtools property defaults active! Set 'spring.devtools.add-properties' to 'false' to disable
2024-07-12 00:01:22,331 INFO [restartedMain] o.s.b.d.e.DevToolsPropertyDefaultsPostProcessor logTo:252 - For additional web related logging consider setting the 'logging.level.web' property to 'DEBUG'
2024-07-12 00:01:23,177 WARN [restartedMain] o.s.c.s.PostProcessorRegistrationDelegate$BeanPostProcessorChecker postProcessAfterInitialization:429 - Bean 'org.springframework.ws.config.annotation.DelegatingWsConfiguration' of type [org.springframework.ws.config.annotation.DelegatingWsConfiguration$$SpringCGLIB$$0] is not eligible for getting processed by all BeanPostProcessors (for example: not eligible for auto-proxying). The currently created BeanPostProcessor [annotationActionEndpointMapping] is declared through a non-static factory method on that class; consider declaring it as static instead.
2024-07-12 00:01:23,197 INFO [restartedMain] o.s.w.s.a.s.AnnotationActionEndpointMapping afterPropertiesSet:239 - Supporting [WS-Addressing August 2004, WS-Addressing 1.0]
2024-07-12 00:01:23,402 INFO [restartedMain] o.s.b.w.e.t.TomcatWebServer initialize:111 - Tomcat initialized with port 8080 (http)
2024-07-12 00:01:23,412 INFO [restartedMain] o.a.c.c.StandardService log:173 - Starting service [Tomcat]
2024-07-12 00:01:23,413 INFO [restartedMain] o.a.c.c.StandardEngine log:173 - Starting Servlet engine: [Apache Tomcat/10.1.24]
2024-07-12 00:01:23,452 INFO [restartedMain] o.a.c.c.C.[.[.[/] log:173 - Initializing Spring embedded WebApplicationContext
2024-07-12 00:01:23,453 INFO [restartedMain] o.s.b.w.s.c.ServletWebServerApplicationContext prepareWebApplicationContext:296 - Root WebApplicationContext: initialization completed in 1122 ms
2024-07-12 00:01:24,615 INFO [restartedMain] o.s.b.d.a.OptionalLiveReloadServer startServer:59 - LiveReload server is running on port 35729
2024-07-12 00:01:24,643 INFO [restartedMain] o.s.b.w.e.t.TomcatWebServer start:243 - Tomcat started on port 8080 (http) with context path '/'
2024-07-12 00:01:24,654 INFO [restartedMain] c.s.Application logStarted:56 - Started Application in 2.866 seconds (process running for 3.553)
2024-07-12 00:02:00,006 INFO [scheduling-1] c.s.j.BulkFileProcessJob scheduleTaskUsingCronExpression:23 - Starting Bulk File Process Job
2024-07-12 00:02:01,065 INFO [scheduling-1] c.s.j.BulkFileProcessJob scheduleTaskUsingCronExpression:29 - Stopping Bulk File Process Job
2024-07-12 00:02:01,066 INFO [scheduling-1] c.s.j.CsvFileImportJob scheduleTaskUsingCronExpression:21 - Starting FNCA File Process Job
2024-07-12 00:02:01,654 INFO [RMI TCP Connection(3)-127.0.0.1] o.s.b.a.SpringApplicationAdminMXBeanRegistrar$SpringApplicationAdmin shutdown:159 - Application shutdown requested.
2024-07-12 00:02:01,783 INFO [RMI TCP Connection(5)-127.0.0.1] o.s.b.a.SpringApplicationAdminMXBeanRegistrar$SpringApplicationAdmin shutdown:159 - Application shutdown requested.
2024-07-12 00:02:01,944 INFO [scheduling-1] c.s.j.CsvFileImportJob scheduleTaskUsingCronExpression:27 - Stopping FNCA File Process Job
2024-07-12 00:02:04,556 INFO [restartedMain] c.s.Application logStarting:50 - Starting Application using Java 17.0.5 with PID 27732 (C:\Users\AnkitPandey\Personal\SmartKrow\target\classes started by AnkitPandey in C:\Users\AnkitPandey\Personal\SmartKrow)
2024-07-12 00:02:04,559 INFO [restartedMain] c.s.Application logStartupProfileInfo:660 - The following 1 profile is active: "local"
2024-07-12 00:02:04,626 INFO [restartedMain] o.s.b.d.e.DevToolsPropertyDefaultsPostProcessor logTo:252 - Devtools property defaults active! Set 'spring.devtools.add-properties' to 'false' to disable
2024-07-12 00:02:04,627 INFO [restartedMain] o.s.b.d.e.DevToolsPropertyDefaultsPostProcessor logTo:252 - For additional web related logging consider setting the 'logging.level.web' property to 'DEBUG'
2024-07-12 00:02:05,488 WARN [restartedMain] o.s.c.s.PostProcessorRegistrationDelegate$BeanPostProcessorChecker postProcessAfterInitialization:429 - Bean 'org.springframework.ws.config.annotation.DelegatingWsConfiguration' of type [org.springframework.ws.config.annotation.DelegatingWsConfiguration$$SpringCGLIB$$0] is not eligible for getting processed by all BeanPostProcessors (for example: not eligible for auto-proxying). The currently created BeanPostProcessor [annotationActionEndpointMapping] is declared through a non-static factory method on that class; consider declaring it as static instead.
2024-07-12 00:02:05,508 INFO [restartedMain] o.s.w.s.a.s.AnnotationActionEndpointMapping afterPropertiesSet:239 - Supporting [WS-Addressing August 2004, WS-Addressing 1.0]
2024-07-12 00:02:05,711 INFO [restartedMain] o.s.b.w.e.t.TomcatWebServer initialize:111 - Tomcat initialized with port 8080 (http)
2024-07-12 00:02:05,720 INFO [restartedMain] o.a.c.c.StandardService log:173 - Starting service [Tomcat]
2024-07-12 00:02:05,721 INFO [restartedMain] o.a.c.c.StandardEngine log:173 - Starting Servlet engine: [Apache Tomcat/10.1.24]
2024-07-12 00:02:05,762 INFO [restartedMain] o.a.c.c.C.[.[.[/] log:173 - Initializing Spring embedded WebApplicationContext
2024-07-12 00:02:05,763 INFO [restartedMain] o.s.b.w.s.c.ServletWebServerApplicationContext prepareWebApplicationContext:296 - Root WebApplicationContext: initialization completed in 1135 ms
2024-07-12 00:02:06,921 INFO [restartedMain] o.s.b.d.a.OptionalLiveReloadServer startServer:59 - LiveReload server is running on port 35729
2024-07-12 00:02:06,948 INFO [restartedMain] o.s.b.w.e.t.TomcatWebServer start:243 - Tomcat started on port 8080 (http) with context path '/'
2024-07-12 00:02:06,960 INFO [restartedMain] c.s.Application logStarted:56 - Started Application in 2.887 seconds (process running for 3.556)
2024-07-12 00:02:13,759 INFO [http-nio-8080-exec-4] o.a.c.c.C.[.[.[/] log:173 - Initializing Spring DispatcherServlet 'dispatcherServlet'
2024-07-12 00:02:13,760 INFO [http-nio-8080-exec-4] o.s.w.s.DispatcherServlet initServletBean:532 - Initializing Servlet 'dispatcherServlet'
2024-07-12 00:02:13,761 INFO [http-nio-8080-exec-4] o.s.w.s.DispatcherServlet initServletBean:554 - Completed initialization in 1 ms
2024-07-12 00:02:13,803 INFO [http-nio-8080-exec-4] c.s.s.DocumentService getDataFromSearch:273 - starting the search record of required fieldDocumentSearchRequest(searchCriteria={VENDOR ID=Vendor1, Creation Date From=20240721})for entityId :- ZVMVENDORP
2024-07-12 00:02:13,806 ERROR [http-nio-8080-exec-4] c.s.s.DocumentService lambda$2:306 - key :-Creation Date From not mapped with attribute
2024-07-12 00:02:13,806 INFO [http-nio-8080-exec-4] c.s.s.DocumentService getDataFromSearch:410 - query:- {null={AttributeValueList: [{S: 20240721,}],ComparisonOperator: GE}, VENDOR_ID={AttributeValueList: [{S: Vendor1,}],ComparisonOperator: EQ}}
2024-07-12 00:02:13,867 WARN [http-nio-8080-exec-4] o.s.w.s.m.m.a.ExceptionHandlerExceptionResolver logException:247 - Resolved [com.amazonaws.SdkClientException: Unable to marshall request to JSON: Unable to marshall request to JSON: Cannot invoke "String.length()" because "name" is null]
2024-07-12 00:02:59,192 INFO [RMI TCP Connection(4)-127.0.0.1] o.s.b.a.SpringApplicationAdminMXBeanRegistrar$SpringApplicationAdmin shutdown:159 - Application shutdown requested.
2024-07-12 00:03:02,229 INFO [restartedMain] c.s.Application logStarting:50 - Starting Application using Java 17.0.5 with PID 12976 (C:\Users\AnkitPandey\Personal\SmartKrow\target\classes started by AnkitPandey in C:\Users\AnkitPandey\Personal\SmartKrow)
2024-07-12 00:03:02,231 INFO [restartedMain] c.s.Application logStartupProfileInfo:660 - The following 1 profile is active: "local"
2024-07-12 00:03:02,289 INFO [restartedMain] o.s.b.d.e.DevToolsPropertyDefaultsPostProcessor logTo:252 - Devtools property defaults active! Set 'spring.devtools.add-properties' to 'false' to disable
2024-07-12 00:03:02,289 INFO [restartedMain] o.s.b.d.e.DevToolsPropertyDefaultsPostProcessor logTo:252 - For additional web related logging consider setting the 'logging.level.web' property to 'DEBUG'
2024-07-12 00:03:03,169 WARN [restartedMain] o.s.c.s.PostProcessorRegistrationDelegate$BeanPostProcessorChecker postProcessAfterInitialization:429 - Bean 'org.springframework.ws.config.annotation.DelegatingWsConfiguration' of type [org.springframework.ws.config.annotation.DelegatingWsConfiguration$$SpringCGLIB$$0] is not eligible for getting processed by all BeanPostProcessors (for example: not eligible for auto-proxying). The currently created BeanPostProcessor [annotationActionEndpointMapping] is declared through a non-static factory method on that class; consider declaring it as static instead.
2024-07-12 00:03:03,191 INFO [restartedMain] o.s.w.s.a.s.AnnotationActionEndpointMapping afterPropertiesSet:239 - Supporting [WS-Addressing August 2004, WS-Addressing 1.0]
2024-07-12 00:03:03,405 INFO [restartedMain] o.s.b.w.e.t.TomcatWebServer initialize:111 - Tomcat initialized with port 8080 (http)
2024-07-12 00:03:03,415 INFO [restartedMain] o.a.c.c.StandardService log:173 - Starting service [Tomcat]
2024-07-12 00:03:03,415 INFO [restartedMain] o.a.c.c.StandardEngine log:173 - Starting Servlet engine: [Apache Tomcat/10.1.24]
2024-07-12 00:03:03,459 INFO [restartedMain] o.a.c.c.C.[.[.[/] log:173 - Initializing Spring embedded WebApplicationContext
2024-07-12 00:03:03,459 INFO [restartedMain] o.s.b.w.s.c.ServletWebServerApplicationContext prepareWebApplicationContext:296 - Root WebApplicationContext: initialization completed in 1169 ms
2024-07-12 00:03:04,741 INFO [restartedMain] o.s.b.d.a.OptionalLiveReloadServer startServer:59 - LiveReload server is running on port 35729
2024-07-12 00:03:04,777 INFO [restartedMain] o.s.b.w.e.t.TomcatWebServer start:243 - Tomcat started on port 8080 (http) with context path '/'
2024-07-12 00:03:04,790 INFO [restartedMain] c.s.Application logStarted:56 - Started Application in 3.041 seconds (process running for 3.705)
2024-07-12 00:03:06,416 INFO [http-nio-8080-exec-1] o.a.c.c.C.[.[.[/] log:173 - Initializing Spring DispatcherServlet 'dispatcherServlet'
2024-07-12 00:03:06,417 INFO [http-nio-8080-exec-1] o.s.w.s.DispatcherServlet initServletBean:532 - Initializing Servlet 'dispatcherServlet'
2024-07-12 00:03:06,418 INFO [http-nio-8080-exec-1] o.s.w.s.DispatcherServlet initServletBean:554 - Completed initialization in 1 ms
2024-07-12 00:03:07,495 INFO [http-nio-8080-exec-1] c.s.s.DocumentService getDataFromSearch:273 - starting the search record of required fieldDocumentSearchRequest(searchCriteria={VENDOR ID=Vendor1, Creation Date From=20240721})for entityId :- ZVMVENDORP
2024-07-12 00:03:07,498 ERROR [http-nio-8080-exec-1] c.s.s.DocumentService lambda$2:306 - key :-Creation Date From not mapped with attribute
2024-07-12 00:03:07,498 INFO [http-nio-8080-exec-1] c.s.s.DocumentService getDataFromSearch:410 - query:- {null={AttributeValueList: [{S: 20240721,}],ComparisonOperator: GE}, VENDOR_ID={AttributeValueList: [{S: Vendor1,}],ComparisonOperator: EQ}}
2024-07-12 00:03:07,551 WARN [http-nio-8080-exec-1] o.s.w.s.m.m.a.ExceptionHandlerExceptionResolver logException:247 - Resolved [com.amazonaws.SdkClientException: Unable to marshall request to JSON: Unable to marshall request to JSON: Cannot invoke "String.length()" because "name" is null]
2024-07-12 00:03:09,406 INFO [http-nio-8080-exec-3] c.s.s.DocumentService getDataFromSearch:273 - starting the search record of required fieldDocumentSearchRequest(searchCriteria={VENDOR ID=Vendor1, Creation Date From=20240721})for entityId :- ZVMVENDORP
2024-07-12 00:03:09,407 ERROR [http-nio-8080-exec-3] c.s.s.DocumentService lambda$2:306 - key :-Creation Date From not mapped with attribute
2024-07-12 00:03:09,407 INFO [http-nio-8080-exec-3] c.s.s.DocumentService getDataFromSearch:410 - query:- {null={AttributeValueList: [{S: 20240721,}],ComparisonOperator: GE}, VENDOR_ID={AttributeValueList: [{S: Vendor1,}],ComparisonOperator: EQ}}
2024-07-12 00:03:09,409 WARN [http-nio-8080-exec-3] o.s.w.s.m.m.a.ExceptionHandlerExceptionResolver logException:247 - Resolved [com.amazonaws.SdkClientException: Unable to marshall request to JSON: Unable to marshall request to JSON: Cannot invoke "String.length()" because "name" is null]
2024-07-12 00:04:00,018 INFO [scheduling-1] c.s.j.CsvFileImportJob scheduleTaskUsingCronExpression:21 - Starting FNCA File Process Job
2024-07-12 00:04:00,918 INFO [scheduling-1] c.s.j.CsvFileImportJob scheduleTaskUsingCronExpression:27 - Stopping FNCA File Process Job
2024-07-12 00:04:00,918 INFO [scheduling-1] c.s.j.BulkFileProcessJob scheduleTaskUsingCronExpression:23 - Starting Bulk File Process Job
2024-07-12 00:04:01,753 INFO [scheduling-1] c.s.j.BulkFileProcessJob scheduleTaskUsingCronExpression:29 - Stopping Bulk File Process Job
2024-07-12 00:04:40,745 INFO [RMI TCP Connection(6)-127.0.0.1] o.s.b.a.SpringApplicationAdminMXBeanRegistrar$SpringApplicationAdmin shutdown:159 - Application shutdown requested.
2024-07-12 00:04:43,742 INFO [restartedMain] c.s.Application logStarting:50 - Starting Application using Java 17.0.5 with PID 7456 (C:\Users\AnkitPandey\Personal\SmartKrow\target\classes started by AnkitPandey in C:\Users\AnkitPandey\Personal\SmartKrow)
2024-07-12 00:04:43,748 INFO [restartedMain] c.s.Application logStartupProfileInfo:660 - The following 1 profile is active: "local"
2024-07-12 00:04:43,812 INFO [restartedMain] o.s.b.d.e.DevToolsPropertyDefaultsPostProcessor logTo:252 - Devtools property defaults active! Set 'spring.devtools.add-properties' to 'false' to disable
2024-07-12 00:04:43,813 INFO [restartedMain] o.s.b.d.e.DevToolsPropertyDefaultsPostProcessor logTo:252 - For additional web related logging consider setting the 'logging.level.web' property to 'DEBUG'
2024-07-12 00:04:44,757 WARN [restartedMain] o.s.c.s.PostProcessorRegistrationDelegate$BeanPostProcessorChecker postProcessAfterInitialization:429 - Bean 'org.springframework.ws.config.annotation.DelegatingWsConfiguration' of type [org.springframework.ws.config.annotation.DelegatingWsConfiguration$$SpringCGLIB$$0] is not eligible for getting processed by all BeanPostProcessors (for example: not eligible for auto-proxying). The currently created BeanPostProcessor [annotationActionEndpointMapping] is declared through a non-static factory method on that class; consider declaring it as static instead.
2024-07-12 00:04:44,779 INFO [restartedMain] o.s.w.s.a.s.AnnotationActionEndpointMapping afterPropertiesSet:239 - Supporting [WS-Addressing August 2004, WS-Addressing 1.0]
2024-07-12 00:04:45,006 INFO [restartedMain] o.s.b.w.e.t.TomcatWebServer initialize:111 - Tomcat initialized with port 8080 (http)
2024-07-12 00:04:45,016 INFO [restartedMain] o.a.c.c.StandardService log:173 - Starting service [Tomcat]
2024-07-12 00:04:45,016 INFO [restartedMain] o.a.c.c.StandardEngine log:173 - Starting Servlet engine: [Apache Tomcat/10.1.24]
2024-07-12 00:04:45,055 INFO [restartedMain] o.a.c.c.C.[.[.[/] log:173 - Initializing Spring embedded WebApplicationContext
2024-07-12 00:04:45,056 INFO [restartedMain] o.s.b.w.s.c.ServletWebServerApplicationContext prepareWebApplicationContext:296 - Root WebApplicationContext: initialization completed in 1243 ms
2024-07-12 00:04:46,486 INFO [restartedMain] o.s.b.d.a.OptionalLiveReloadServer startServer:59 - LiveReload server is running on port 35729
2024-07-12 00:04:46,518 INFO [restartedMain] o.s.b.w.e.t.TomcatWebServer start:243 - Tomcat started on port 8080 (http) with context path '/'
2024-07-12 00:04:46,532 INFO [restartedMain] c.s.Application logStarted:56 - Started Application in 3.293 seconds (process running for 3.986)
2024-07-12 00:05:00,012 INFO [scheduling-1] c.s.j.CsvFileImportJob scheduleTaskUsingCronExpression:21 - Starting FNCA File Process Job
2024-07-12 00:05:01,015 INFO [scheduling-1] c.s.j.CsvFileImportJob scheduleTaskUsingCronExpression:27 - Stopping FNCA File Process Job
2024-07-12 00:05:01,016 INFO [scheduling-1] c.s.j.BulkFileProcessJob scheduleTaskUsingCronExpression:23 - Starting Bulk File Process Job
2024-07-12 00:05:01,904 INFO [scheduling-1] c.s.j.BulkFileProcessJob scheduleTaskUsingCronExpression:29 - Stopping Bulk File Process Job
2024-07-12 00:05:16,515 INFO [http-nio-8080-exec-2] o.a.c.c.C.[.[.[/] log:173 - Initializing Spring DispatcherServlet 'dispatcherServlet'
2024-07-12 00:05:16,515 INFO [http-nio-8080-exec-2] o.s.w.s.DispatcherServlet initServletBean:532 - Initializing Servlet 'dispatcherServlet'
2024-07-12 00:05:16,516 INFO [http-nio-8080-exec-2] o.s.w.s.DispatcherServlet initServletBean:554 - Completed initialization in 1 ms
2024-07-12 00:05:17,467 INFO [http-nio-8080-exec-2] c.s.s.DocumentService getDataFromSearch:273 - starting the search record of required fieldDocumentSearchRequest(searchCriteria={VENDOR ID=Vendor1, Creation Date From=20240721})for entityId :- ZVMVENDORP
2024-07-12 00:05:17,468 INFO [http-nio-8080-exec-2] c.s.s.DocumentService getDataFromSearch:410 - query:- {CREATION_DATE={AttributeValueList: [{S: 20240721,}],ComparisonOperator: GE}, VENDOR_ID={AttributeValueList: [{S: Vendor1,}],ComparisonOperator: EQ}}
2024-07-12 00:05:17,749 INFO [http-nio-8080-exec-2] c.s.s.DocumentService lambda$3:425 -  record:-ZVMVENDORP(documentId=doc1, applicationType=FNCA, vendorId=Vendor1, creationDate=20240723, creationTime=1673836800000, archiveDocId=archive1, fncaDocType=Type1, cocdDescription=COCD Description 1, vendorName1=Vendor Name 1, name2=Name 2, name3=Name 3, name4=Name 4, streetHouseNo=123 Main St, postalCodr=12345, city=City A, country=Country X, region=Region A, documentLink=SKTS/file-example_PDF_1MB.pdf)
2024-07-12 00:05:17,749 INFO [http-nio-8080-exec-2] c.s.s.DocumentService getSearchFieldData:197 - Field name: documentId value: doc1
2024-07-12 00:05:17,749 INFO [http-nio-8080-exec-2] c.s.s.DocumentService getSearchFieldData:197 - Field name: applicationType value: FNCA
2024-07-12 00:05:17,749 INFO [http-nio-8080-exec-2] c.s.s.DocumentService getSearchFieldData:197 - Field name: vendorId value: Vendor1
2024-07-12 00:05:17,749 INFO [http-nio-8080-exec-2] c.s.s.DocumentService getSearchFieldData:197 - Field name: creationDate value: 20240723
2024-07-12 00:05:17,750 INFO [http-nio-8080-exec-2] c.s.s.DocumentService getSearchFieldData:197 - Field name: creationTime value: 1673836800000
2024-07-12 00:05:17,750 INFO [http-nio-8080-exec-2] c.s.s.DocumentService getSearchFieldData:197 - Field name: archiveDocId value: archive1
2024-07-12 00:05:17,750 INFO [http-nio-8080-exec-2] c.s.s.DocumentService getSearchFieldData:197 - Field name: fncaDocType value: Type1
2024-07-12 00:05:17,750 INFO [http-nio-8080-exec-2] c.s.s.DocumentService getSearchFieldData:197 - Field name: cocdDescription value: COCD Description 1
2024-07-12 00:05:17,750 INFO [http-nio-8080-exec-2] c.s.s.DocumentService getSearchFieldData:197 - Field name: vendorName1 value: Vendor Name 1
2024-07-12 00:05:17,750 INFO [http-nio-8080-exec-2] c.s.s.DocumentService getSearchFieldData:197 - Field name: name2 value: Name 2
2024-07-12 00:05:17,750 INFO [http-nio-8080-exec-2] c.s.s.DocumentService getSearchFieldData:197 - Field name: name3 value: Name 3
2024-07-12 00:05:17,750 INFO [http-nio-8080-exec-2] c.s.s.DocumentService getSearchFieldData:197 - Field name: name4 value: Name 4
2024-07-12 00:05:17,750 INFO [http-nio-8080-exec-2] c.s.s.DocumentService getSearchFieldData:197 - Field name: streetHouseNo value: 123 Main St
2024-07-12 00:05:17,750 INFO [http-nio-8080-exec-2] c.s.s.DocumentService getSearchFieldData:197 - Field name: postalCodr value: 12345
2024-07-12 00:05:17,750 INFO [http-nio-8080-exec-2] c.s.s.DocumentService getSearchFieldData:197 - Field name: city value: City A
2024-07-12 00:05:17,750 INFO [http-nio-8080-exec-2] c.s.s.DocumentService getSearchFieldData:197 - Field name: country value: Country X
2024-07-12 00:05:17,751 INFO [http-nio-8080-exec-2] c.s.s.DocumentService getSearchFieldData:197 - Field name: region value: Region A
2024-07-12 00:05:17,751 INFO [http-nio-8080-exec-2] c.s.s.DocumentService getSearchFieldData:197 - Field name: documentLink value: SKTS/file-example_PDF_1MB.pdf
2024-07-12 00:05:17,751 INFO [http-nio-8080-exec-2] c.s.s.DocumentService getDataFromSearch:434 - data from search:-[{NAME4=Name 4, NAME3=Name 3, DOCUMENT_LINK=SKTS/file-example_PDF_1MB.pdf, STREET/HOUSE NO=123 Main St, CREATION_TIME=1673836800000, application_type=FNCA, CREATION_DATE=20240723, document_id=doc1, VENDOR_NAME1=Vendor Name 1, NAME2=Name 2, VENDOR_ID=Vendor1, REGION=Region A, ARCHIVE_DOC_ID=archive1, CITY=City A, COUNTRY=Country X, FNCA_DOC_TYPE=Type1, COCD_DESCRIPTION=COCD Description 1, POSTAL CODE=12345}]
2024-07-12 00:05:17,751 INFO [http-nio-8080-exec-2] c.s.s.DocumentService getDataFromSearch:435 - data size :- 1
2024-07-12 00:05:25,115 INFO [RMI TCP Connection(4)-127.0.0.1] o.s.b.a.SpringApplicationAdminMXBeanRegistrar$SpringApplicationAdmin shutdown:159 - Application shutdown requested.
2024-07-12 00:06:11,924 INFO [restartedMain] c.s.Application logStarting:50 - Starting Application using Java 17.0.5 with PID 25148 (C:\Users\AnkitPandey\Personal\SmartKrow\target\classes started by AnkitPandey in C:\Users\AnkitPandey\Personal\SmartKrow)
2024-07-12 00:06:11,924 INFO [restartedMain] c.s.Application logStartupProfileInfo:660 - The following 1 profile is active: "local"
2024-07-12 00:06:12,001 INFO [restartedMain] o.s.b.d.e.DevToolsPropertyDefaultsPostProcessor logTo:252 - Devtools property defaults active! Set 'spring.devtools.add-properties' to 'false' to disable
2024-07-12 00:06:12,001 INFO [restartedMain] o.s.b.d.e.DevToolsPropertyDefaultsPostProcessor logTo:252 - For additional web related logging consider setting the 'logging.level.web' property to 'DEBUG'
2024-07-12 00:06:13,000 WARN [restartedMain] o.s.c.s.PostProcessorRegistrationDelegate$BeanPostProcessorChecker postProcessAfterInitialization:429 - Bean 'org.springframework.ws.config.annotation.DelegatingWsConfiguration' of type [org.springframework.ws.config.annotation.DelegatingWsConfiguration$$SpringCGLIB$$0] is not eligible for getting processed by all BeanPostProcessors (for example: not eligible for auto-proxying). The currently created BeanPostProcessor [annotationActionEndpointMapping] is declared through a non-static factory method on that class; consider declaring it as static instead.
2024-07-12 00:06:13,072 INFO [restartedMain] o.s.w.s.a.s.AnnotationActionEndpointMapping afterPropertiesSet:239 - Supporting [WS-Addressing August 2004, WS-Addressing 1.0]
2024-07-12 00:06:13,298 INFO [restartedMain] o.s.b.w.e.t.TomcatWebServer initialize:111 - Tomcat initialized with port 8080 (http)
2024-07-12 00:06:13,314 INFO [restartedMain] o.a.c.c.StandardService log:173 - Starting service [Tomcat]
2024-07-12 00:06:13,314 INFO [restartedMain] o.a.c.c.StandardEngine log:173 - Starting Servlet engine: [Apache Tomcat/10.1.24]
2024-07-12 00:06:13,361 INFO [restartedMain] o.a.c.c.C.[.[.[/] log:173 - Initializing Spring embedded WebApplicationContext
2024-07-12 00:06:13,365 INFO [restartedMain] o.s.b.w.s.c.ServletWebServerApplicationContext prepareWebApplicationContext:296 - Root WebApplicationContext: initialization completed in 1364 ms
2024-07-12 00:06:14,716 INFO [restartedMain] o.s.b.d.a.OptionalLiveReloadServer startServer:59 - LiveReload server is running on port 35729
2024-07-12 00:06:14,750 INFO [restartedMain] o.s.b.w.e.t.TomcatWebServer start:243 - Tomcat started on port 8080 (http) with context path '/'
2024-07-12 00:06:14,765 INFO [restartedMain] c.s.Application logStarted:56 - Started Application in 3.353 seconds (process running for 4.017)
2024-07-12 00:06:15,134 INFO [http-nio-8080-exec-1] o.a.c.c.C.[.[.[/] log:173 - Initializing Spring DispatcherServlet 'dispatcherServlet'
2024-07-12 00:06:15,135 INFO [http-nio-8080-exec-1] o.s.w.s.DispatcherServlet initServletBean:532 - Initializing Servlet 'dispatcherServlet'
2024-07-12 00:06:15,138 INFO [http-nio-8080-exec-1] o.s.w.s.DispatcherServlet initServletBean:554 - Completed initialization in 2 ms
2024-07-12 00:06:15,195 INFO [http-nio-8080-exec-1] c.s.s.FileDownloadAndProcessService saveBulkRecordsForZiping:100 - Staring creating presigned url for entity id: 
2024-07-12 00:06:15,259 WARN [http-nio-8080-exec-1] o.s.w.s.m.m.a.ExceptionHandlerExceptionResolver logException:247 - Resolved [com.amazonaws.services.dynamodbv2.datamodeling.DynamoDBMappingException: BulkProgressDownloadStatus; no mapping for HASH key]
2024-07-12 00:07:00,012 INFO [scheduling-1] c.s.j.CsvFileImportJob scheduleTaskUsingCronExpression:21 - Starting FNCA File Process Job
2024-07-12 00:07:01,116 INFO [scheduling-1] c.s.j.CsvFileImportJob scheduleTaskUsingCronExpression:27 - Stopping FNCA File Process Job
2024-07-12 00:07:01,117 INFO [scheduling-1] c.s.j.BulkFileProcessJob scheduleTaskUsingCronExpression:23 - Starting Bulk File Process Job
2024-07-12 00:07:02,014 INFO [scheduling-1] c.s.j.BulkFileProcessJob scheduleTaskUsingCronExpression:29 - Stopping Bulk File Process Job
2024-07-12 00:07:54,986 INFO [RMI TCP Connection(4)-127.0.0.1] o.s.b.a.SpringApplicationAdminMXBeanRegistrar$SpringApplicationAdmin shutdown:159 - Application shutdown requested.
2024-07-12 00:07:57,944 INFO [restartedMain] c.s.Application logStarting:50 - Starting Application using Java 17.0.5 with PID 25084 (C:\Users\AnkitPandey\Personal\SmartKrow\target\classes started by AnkitPandey in C:\Users\AnkitPandey\Personal\SmartKrow)
2024-07-12 00:07:57,947 INFO [restartedMain] c.s.Application logStartupProfileInfo:660 - The following 1 profile is active: "local"
2024-07-12 00:07:57,999 INFO [restartedMain] o.s.b.d.e.DevToolsPropertyDefaultsPostProcessor logTo:252 - Devtools property defaults active! Set 'spring.devtools.add-properties' to 'false' to disable
2024-07-12 00:07:57,999 INFO [restartedMain] o.s.b.d.e.DevToolsPropertyDefaultsPostProcessor logTo:252 - For additional web related logging consider setting the 'logging.level.web' property to 'DEBUG'
2024-07-12 00:07:59,060 WARN [restartedMain] o.s.c.s.PostProcessorRegistrationDelegate$BeanPostProcessorChecker postProcessAfterInitialization:429 - Bean 'org.springframework.ws.config.annotation.DelegatingWsConfiguration' of type [org.springframework.ws.config.annotation.DelegatingWsConfiguration$$SpringCGLIB$$0] is not eligible for getting processed by all BeanPostProcessors (for example: not eligible for auto-proxying). The currently created BeanPostProcessor [annotationActionEndpointMapping] is declared through a non-static factory method on that class; consider declaring it as static instead.
2024-07-12 00:07:59,093 INFO [restartedMain] o.s.w.s.a.s.AnnotationActionEndpointMapping afterPropertiesSet:239 - Supporting [WS-Addressing August 2004, WS-Addressing 1.0]
2024-07-12 00:07:59,366 INFO [restartedMain] o.s.b.w.e.t.TomcatWebServer initialize:111 - Tomcat initialized with port 8080 (http)
2024-07-12 00:07:59,383 INFO [restartedMain] o.a.c.c.StandardService log:173 - Starting service [Tomcat]
2024-07-12 00:07:59,383 INFO [restartedMain] o.a.c.c.StandardEngine log:173 - Starting Servlet engine: [Apache Tomcat/10.1.24]
2024-07-12 00:07:59,467 INFO [restartedMain] o.a.c.c.C.[.[.[/] log:173 - Initializing Spring embedded WebApplicationContext
2024-07-12 00:07:59,468 INFO [restartedMain] o.s.b.w.s.c.ServletWebServerApplicationContext prepareWebApplicationContext:296 - Root WebApplicationContext: initialization completed in 1468 ms
2024-07-12 00:08:00,965 INFO [restartedMain] o.s.b.d.a.OptionalLiveReloadServer startServer:59 - LiveReload server is running on port 35729
2024-07-12 00:08:00,997 INFO [restartedMain] o.s.b.w.e.t.TomcatWebServer start:243 - Tomcat started on port 8080 (http) with context path '/'
2024-07-12 00:08:01,009 INFO [restartedMain] c.s.Application logStarted:56 - Started Application in 3.604 seconds (process running for 4.289)
2024-07-12 00:08:07,696 INFO [http-nio-8080-exec-1] o.a.c.c.C.[.[.[/] log:173 - Initializing Spring DispatcherServlet 'dispatcherServlet'
2024-07-12 00:08:07,696 INFO [http-nio-8080-exec-1] o.s.w.s.DispatcherServlet initServletBean:532 - Initializing Servlet 'dispatcherServlet'
2024-07-12 00:08:07,698 INFO [http-nio-8080-exec-1] o.s.w.s.DispatcherServlet initServletBean:554 - Completed initialization in 2 ms
2024-07-12 00:08:07,745 INFO [http-nio-8080-exec-1] c.s.s.FileDownloadAndProcessService saveBulkRecordsForZiping:100 - Staring creating presigned url for entity id: 
2024-07-12 00:08:08,827 WARN [http-nio-8080-exec-1] o.s.w.s.m.m.a.ExceptionHandlerExceptionResolver logException:247 - Resolved [com.amazonaws.services.dynamodbv2.model.AmazonDynamoDBException: The provided key element does not match the schema (Service: AmazonDynamoDBv2; Status Code: 400; Error Code: ValidationException; Request ID: LMJG44Q8VDLK99U6LEJM9QL1M3VV4KQNSO5AEMVJF66Q9ASUAAJG; Proxy: null)]
2024-07-12 00:09:00,008 INFO [scheduling-1] c.s.j.CsvFileImportJob scheduleTaskUsingCronExpression:21 - Starting FNCA File Process Job
2024-07-12 00:09:00,893 INFO [scheduling-1] c.s.j.CsvFileImportJob scheduleTaskUsingCronExpression:27 - Stopping FNCA File Process Job
2024-07-12 00:09:00,894 INFO [scheduling-1] c.s.j.BulkFileProcessJob scheduleTaskUsingCronExpression:23 - Starting Bulk File Process Job
2024-07-12 00:09:01,173 INFO [scheduling-1] c.s.j.BulkFileProcessJob scheduleTaskUsingCronExpression:29 - Stopping Bulk File Process Job
2024-07-12 00:10:00,008 INFO [scheduling-1] c.s.j.BulkFileProcessJob scheduleTaskUsingCronExpression:23 - Starting Bulk File Process Job
2024-07-12 00:10:00,292 INFO [scheduling-1] c.s.j.BulkFileProcessJob scheduleTaskUsingCronExpression:29 - Stopping Bulk File Process Job
2024-07-12 00:10:00,292 INFO [scheduling-1] c.s.j.CsvFileImportJob scheduleTaskUsingCronExpression:21 - Starting FNCA File Process Job
2024-07-12 00:10:01,141 INFO [scheduling-1] c.s.j.CsvFileImportJob scheduleTaskUsingCronExpression:27 - Stopping FNCA File Process Job
2024-07-12 00:10:06,232 INFO [RMI TCP Connection(4)-127.0.0.1] o.s.b.a.SpringApplicationAdminMXBeanRegistrar$SpringApplicationAdmin shutdown:159 - Application shutdown requested.
2024-07-12 00:10:35,205 INFO [restartedMain] c.s.Application logStarting:50 - Starting Application using Java 17.0.5 with PID 17732 (C:\Users\AnkitPandey\Personal\SmartKrow\target\classes started by AnkitPandey in C:\Users\AnkitPandey\Personal\SmartKrow)
2024-07-12 00:10:35,208 INFO [restartedMain] c.s.Application logStartupProfileInfo:660 - The following 1 profile is active: "local"
2024-07-12 00:10:35,267 INFO [restartedMain] o.s.b.d.e.DevToolsPropertyDefaultsPostProcessor logTo:252 - Devtools property defaults active! Set 'spring.devtools.add-properties' to 'false' to disable
2024-07-12 00:10:35,267 INFO [restartedMain] o.s.b.d.e.DevToolsPropertyDefaultsPostProcessor logTo:252 - For additional web related logging consider setting the 'logging.level.web' property to 'DEBUG'
2024-07-12 00:10:36,100 WARN [restartedMain] o.s.c.s.PostProcessorRegistrationDelegate$BeanPostProcessorChecker postProcessAfterInitialization:429 - Bean 'org.springframework.ws.config.annotation.DelegatingWsConfiguration' of type [org.springframework.ws.config.annotation.DelegatingWsConfiguration$$SpringCGLIB$$0] is not eligible for getting processed by all BeanPostProcessors (for example: not eligible for auto-proxying). The currently created BeanPostProcessor [annotationActionEndpointMapping] is declared through a non-static factory method on that class; consider declaring it as static instead.
2024-07-12 00:10:36,120 INFO [restartedMain] o.s.w.s.a.s.AnnotationActionEndpointMapping afterPropertiesSet:239 - Supporting [WS-Addressing August 2004, WS-Addressing 1.0]
2024-07-12 00:10:36,321 INFO [restartedMain] o.s.b.w.e.t.TomcatWebServer initialize:111 - Tomcat initialized with port 8080 (http)
2024-07-12 00:10:36,332 INFO [restartedMain] o.a.c.c.StandardService log:173 - Starting service [Tomcat]
2024-07-12 00:10:36,332 INFO [restartedMain] o.a.c.c.StandardEngine log:173 - Starting Servlet engine: [Apache Tomcat/10.1.24]
2024-07-12 00:10:36,373 INFO [restartedMain] o.a.c.c.C.[.[.[/] log:173 - Initializing Spring embedded WebApplicationContext
2024-07-12 00:10:36,373 INFO [restartedMain] o.s.b.w.s.c.ServletWebServerApplicationContext prepareWebApplicationContext:296 - Root WebApplicationContext: initialization completed in 1106 ms
2024-07-12 00:10:37,541 INFO [restartedMain] o.s.b.d.a.OptionalLiveReloadServer startServer:59 - LiveReload server is running on port 35729
2024-07-12 00:10:37,570 INFO [restartedMain] o.s.b.w.e.t.TomcatWebServer start:243 - Tomcat started on port 8080 (http) with context path '/'
2024-07-12 00:10:37,581 INFO [restartedMain] c.s.Application logStarted:56 - Started Application in 2.857 seconds (process running for 3.557)
2024-07-12 00:10:44,861 INFO [http-nio-8080-exec-3] o.a.c.c.C.[.[.[/] log:173 - Initializing Spring DispatcherServlet 'dispatcherServlet'
2024-07-12 00:10:44,861 INFO [http-nio-8080-exec-3] o.s.w.s.DispatcherServlet initServletBean:532 - Initializing Servlet 'dispatcherServlet'
2024-07-12 00:10:44,862 INFO [http-nio-8080-exec-3] o.s.w.s.DispatcherServlet initServletBean:554 - Completed initialization in 1 ms
2024-07-12 00:10:44,893 INFO [http-nio-8080-exec-3] c.s.s.FileDownloadAndProcessService saveBulkRecordsForZiping:100 - Staring creating presigned url for entity id: 
2024-07-12 00:10:44,938 WARN [http-nio-8080-exec-3] o.s.w.s.m.m.a.ExceptionHandlerExceptionResolver logException:247 - Resolved [com.amazonaws.services.dynamodbv2.datamodeling.DynamoDBMappingException: BulkProgressDownloadStatus[document_id]; null or empty value for primary key]
2024-07-12 00:10:47,274 INFO [http-nio-8080-exec-1] c.s.s.FileDownloadAndProcessService saveBulkRecordsForZiping:100 - Staring creating presigned url for entity id: 
2024-07-12 00:10:47,274 WARN [http-nio-8080-exec-1] o.s.w.s.m.m.a.ExceptionHandlerExceptionResolver logException:247 - Resolved [com.amazonaws.services.dynamodbv2.datamodeling.DynamoDBMappingException: BulkProgressDownloadStatus[document_id]; null or empty value for primary key]
2024-07-12 00:11:00,020 INFO [scheduling-1] c.s.j.BulkFileProcessJob scheduleTaskUsingCronExpression:23 - Starting Bulk File Process Job
2024-07-12 00:11:01,192 INFO [scheduling-1] c.s.j.BulkFileProcessJob scheduleTaskUsingCronExpression:29 - Stopping Bulk File Process Job
2024-07-12 00:11:01,193 INFO [scheduling-1] c.s.j.CsvFileImportJob scheduleTaskUsingCronExpression:21 - Starting FNCA File Process Job
2024-07-12 00:11:02,118 INFO [scheduling-1] c.s.j.CsvFileImportJob scheduleTaskUsingCronExpression:27 - Stopping FNCA File Process Job
2024-07-12 00:11:03,970 INFO [RMI TCP Connection(2)-127.0.0.1] o.s.b.a.SpringApplicationAdminMXBeanRegistrar$SpringApplicationAdmin shutdown:159 - Application shutdown requested.
2024-07-12 00:11:07,777 INFO [restartedMain] c.s.Application logStarting:50 - Starting Application using Java 17.0.5 with PID 29972 (C:\Users\AnkitPandey\Personal\SmartKrow\target\classes started by AnkitPandey in C:\Users\AnkitPandey\Personal\SmartKrow)
2024-07-12 00:11:07,779 INFO [restartedMain] c.s.Application logStartupProfileInfo:660 - The following 1 profile is active: "local"
2024-07-12 00:11:07,843 INFO [restartedMain] o.s.b.d.e.DevToolsPropertyDefaultsPostProcessor logTo:252 - Devtools property defaults active! Set 'spring.devtools.add-properties' to 'false' to disable
2024-07-12 00:11:07,844 INFO [restartedMain] o.s.b.d.e.DevToolsPropertyDefaultsPostProcessor logTo:252 - For additional web related logging consider setting the 'logging.level.web' property to 'DEBUG'
2024-07-12 00:11:08,714 WARN [restartedMain] o.s.c.s.PostProcessorRegistrationDelegate$BeanPostProcessorChecker postProcessAfterInitialization:429 - Bean 'org.springframework.ws.config.annotation.DelegatingWsConfiguration' of type [org.springframework.ws.config.annotation.DelegatingWsConfiguration$$SpringCGLIB$$0] is not eligible for getting processed by all BeanPostProcessors (for example: not eligible for auto-proxying). The currently created BeanPostProcessor [annotationActionEndpointMapping] is declared through a non-static factory method on that class; consider declaring it as static instead.
2024-07-12 00:11:08,734 INFO [restartedMain] o.s.w.s.a.s.AnnotationActionEndpointMapping afterPropertiesSet:239 - Supporting [WS-Addressing August 2004, WS-Addressing 1.0]
2024-07-12 00:11:08,936 INFO [restartedMain] o.s.b.w.e.t.TomcatWebServer initialize:111 - Tomcat initialized with port 8080 (http)
2024-07-12 00:11:08,946 INFO [restartedMain] o.a.c.c.StandardService log:173 - Starting service [Tomcat]
2024-07-12 00:11:08,947 INFO [restartedMain] o.a.c.c.StandardEngine log:173 - Starting Servlet engine: [Apache Tomcat/10.1.24]
2024-07-12 00:11:08,996 INFO [restartedMain] o.a.c.c.C.[.[.[/] log:173 - Initializing Spring embedded WebApplicationContext
2024-07-12 00:11:08,997 INFO [restartedMain] o.s.b.w.s.c.ServletWebServerApplicationContext prepareWebApplicationContext:296 - Root WebApplicationContext: initialization completed in 1153 ms
2024-07-12 00:11:10,151 INFO [restartedMain] o.s.b.d.a.OptionalLiveReloadServer startServer:59 - LiveReload server is running on port 35729
2024-07-12 00:11:10,180 INFO [restartedMain] o.s.b.w.e.t.TomcatWebServer start:243 - Tomcat started on port 8080 (http) with context path '/'
2024-07-12 00:11:10,194 INFO [restartedMain] c.s.Application logStarted:56 - Started Application in 2.912 seconds (process running for 3.583)
2024-07-12 00:11:16,994 INFO [http-nio-8080-exec-1] o.a.c.c.C.[.[.[/] log:173 - Initializing Spring DispatcherServlet 'dispatcherServlet'
2024-07-12 00:11:16,995 INFO [http-nio-8080-exec-1] o.s.w.s.DispatcherServlet initServletBean:532 - Initializing Servlet 'dispatcherServlet'
2024-07-12 00:11:16,996 INFO [http-nio-8080-exec-1] o.s.w.s.DispatcherServlet initServletBean:554 - Completed initialization in 1 ms
2024-07-12 00:11:17,032 INFO [http-nio-8080-exec-1] c.s.s.FileDownloadAndProcessService saveBulkRecordsForZiping:100 - Staring creating presigned url for entity id: 
2024-07-12 00:12:00,005 INFO [scheduling-1] c.s.j.CsvFileImportJob scheduleTaskUsingCronExpression:21 - Starting FNCA File Process Job
2024-07-12 00:12:00,916 INFO [scheduling-1] c.s.j.CsvFileImportJob scheduleTaskUsingCronExpression:27 - Stopping FNCA File Process Job
2024-07-12 00:12:00,916 INFO [scheduling-1] c.s.j.BulkFileProcessJob scheduleTaskUsingCronExpression:23 - Starting Bulk File Process Job
2024-07-12 00:13:09,590 WARN [scheduling-1] c.a.util.Base64 warn:113 - JAXB is unavailable. Will fallback to SDK implementation which may be less performant.If you are using Java 9+, you will need to include javax.xml.bind:jaxb-api as a dependency.
2024-07-12 00:13:16,690 INFO [scheduling-1] c.s.j.BulkFileProcessJob scheduleTaskUsingCronExpression:29 - Stopping Bulk File Process Job
2024-07-12 00:13:16,690 INFO [scheduling-1] c.s.j.CsvFileImportJob scheduleTaskUsingCronExpression:21 - Starting FNCA File Process Job
2024-07-12 00:13:16,969 INFO [scheduling-1] c.s.j.CsvFileImportJob scheduleTaskUsingCronExpression:27 - Stopping FNCA File Process Job
2024-07-12 00:13:18,056 INFO [http-nio-8080-exec-5] c.s.s.FileDownloadAndProcessService getPresignedUrl:70 - Staring creating presigned url for download link: ZAPGFFUP_2024_07_11T18_41_17_034975900Z.zip
2024-07-12 00:13:18,056 INFO [http-nio-8080-exec-5] c.s.s.FileDownloadAndProcessService getPresignedUrl:74 - Staring creating presigned url for entity id: 
2024-07-12 00:14:00,015 INFO [scheduling-1] c.s.j.CsvFileImportJob scheduleTaskUsingCronExpression:21 - Starting FNCA File Process Job
2024-07-12 00:14:00,859 INFO [scheduling-1] c.s.j.CsvFileImportJob scheduleTaskUsingCronExpression:27 - Stopping FNCA File Process Job
2024-07-12 00:14:00,860 INFO [scheduling-1] c.s.j.BulkFileProcessJob scheduleTaskUsingCronExpression:23 - Starting Bulk File Process Job
2024-07-12 00:14:01,243 INFO [scheduling-1] c.s.j.BulkFileProcessJob scheduleTaskUsingCronExpression:29 - Stopping Bulk File Process Job
2024-07-12 00:14:18,933 INFO [RMI TCP Connection(6)-127.0.0.1] o.s.b.a.SpringApplicationAdminMXBeanRegistrar$SpringApplicationAdmin shutdown:159 - Application shutdown requested.
2024-07-12 08:19:03,820 INFO [restartedMain] c.s.Application logStarting:50 - Starting Application using Java 17.0.5 with PID 30004 (C:\Users\AnkitPandey\Personal\SmartKrow\target\classes started by AnkitPandey in C:\Users\AnkitPandey\Personal\SmartKrow)
2024-07-12 08:19:03,825 INFO [restartedMain] c.s.Application logStartupProfileInfo:660 - The following 1 profile is active: "local"
2024-07-12 08:19:03,924 INFO [restartedMain] o.s.b.d.e.DevToolsPropertyDefaultsPostProcessor logTo:252 - Devtools property defaults active! Set 'spring.devtools.add-properties' to 'false' to disable
2024-07-12 08:19:03,925 INFO [restartedMain] o.s.b.d.e.DevToolsPropertyDefaultsPostProcessor logTo:252 - For additional web related logging consider setting the 'logging.level.web' property to 'DEBUG'
2024-07-12 08:19:05,703 WARN [restartedMain] o.s.b.w.s.c.AnnotationConfigServletWebServerApplicationContext refresh:632 - Exception encountered during context initialization - cancelling refresh attempt: java.lang.IllegalStateException: Error processing condition on org.springframework.boot.autoconfigure.context.PropertyPlaceholderAutoConfiguration.propertySourcesPlaceholderConfigurer
2024-07-12 08:19:05,715 INFO [restartedMain] o.s.b.a.l.ConditionEvaluationReportLogger logMessage:82 - 

Error starting ApplicationContext. To display the condition evaluation report re-run your application with 'debug' enabled.
2024-07-12 08:19:05,744 ERROR [restartedMain] o.s.b.SpringApplication reportFailure:859 - Application run failed
java.lang.IllegalStateException: Error processing condition on org.springframework.boot.autoconfigure.context.PropertyPlaceholderAutoConfiguration.propertySourcesPlaceholderConfigurer
	at org.springframework.boot.autoconfigure.condition.SpringBootCondition.matches(SpringBootCondition.java:60)
	at org.springframework.context.annotation.ConditionEvaluator.shouldSkip(ConditionEvaluator.java:108)
	at org.springframework.context.annotation.ConfigurationClassBeanDefinitionReader.loadBeanDefinitionsForBeanMethod(ConfigurationClassBeanDefinitionReader.java:183)
	at org.springframework.context.annotation.ConfigurationClassBeanDefinitionReader.loadBeanDefinitionsForConfigurationClass(ConfigurationClassBeanDefinitionReader.java:144)
	at org.springframework.context.annotation.ConfigurationClassBeanDefinitionReader.loadBeanDefinitions(ConfigurationClassBeanDefinitionReader.java:120)
	at org.springframework.context.annotation.ConfigurationClassPostProcessor.processConfigBeanDefinitions(ConfigurationClassPostProcessor.java:429)
	at org.springframework.context.annotation.ConfigurationClassPostProcessor.postProcessBeanDefinitionRegistry(ConfigurationClassPostProcessor.java:290)
	at org.springframework.context.support.PostProcessorRegistrationDelegate.invokeBeanDefinitionRegistryPostProcessors(PostProcessorRegistrationDelegate.java:349)
	at org.springframework.context.support.PostProcessorRegistrationDelegate.invokeBeanFactoryPostProcessors(PostProcessorRegistrationDelegate.java:118)
	at org.springframework.context.support.AbstractApplicationContext.invokeBeanFactoryPostProcessors(AbstractApplicationContext.java:788)
	at org.springframework.context.support.AbstractApplicationContext.refresh(AbstractApplicationContext.java:606)
	at org.springframework.boot.web.servlet.context.ServletWebServerApplicationContext.refresh(ServletWebServerApplicationContext.java:146)
	at org.springframework.boot.SpringApplication.refresh(SpringApplication.java:754)
	at org.springframework.boot.SpringApplication.refreshContext(SpringApplication.java:456)
	at org.springframework.boot.SpringApplication.run(SpringApplication.java:335)
	at org.springframework.boot.SpringApplication.run(SpringApplication.java:1363)
	at org.springframework.boot.SpringApplication.run(SpringApplication.java:1352)
	at com.archiveapi.Application.main(Application.java:12)
	at java.base/jdk.internal.reflect.NativeMethodAccessorImpl.invoke0(Native Method)
	at java.base/jdk.internal.reflect.NativeMethodAccessorImpl.invoke(NativeMethodAccessorImpl.java:77)
	at java.base/jdk.internal.reflect.DelegatingMethodAccessorImpl.invoke(DelegatingMethodAccessorImpl.java:43)
	at java.base/java.lang.reflect.Method.invoke(Method.java:568)
	at org.springframework.boot.devtools.restart.RestartLauncher.run(RestartLauncher.java:50)
Caused by: java.lang.IllegalStateException: Failed to introspect Class [com.archiveapi.configuration.DynamoDBConfig] from ClassLoader [org.springframework.boot.devtools.restart.classloader.RestartClassLoader@6f90ac1d]
	at org.springframework.util.ReflectionUtils.getDeclaredMethods(ReflectionUtils.java:483)
	at org.springframework.util.ReflectionUtils.doWithMethods(ReflectionUtils.java:360)
	at org.springframework.util.ReflectionUtils.getUniqueDeclaredMethods(ReflectionUtils.java:417)
	at org.springframework.beans.factory.support.AbstractAutowireCapableBeanFactory.lambda$getTypeForFactoryMethod$1(AbstractAutowireCapableBeanFactory.java:750)
	at java.base/java.util.concurrent.ConcurrentHashMap.computeIfAbsent(ConcurrentHashMap.java:1740)
	at org.springframework.beans.factory.support.AbstractAutowireCapableBeanFactory.getTypeForFactoryMethod(AbstractAutowireCapableBeanFactory.java:749)
	at org.springframework.beans.factory.support.AbstractAutowireCapableBeanFactory.determineTargetType(AbstractAutowireCapableBeanFactory.java:682)
	at org.springframework.beans.factory.support.AbstractAutowireCapableBeanFactory.predictBeanType(AbstractAutowireCapableBeanFactory.java:653)
	at org.springframework.beans.factory.support.AbstractBeanFactory.isFactoryBean(AbstractBeanFactory.java:1687)
	at org.springframework.beans.factory.support.DefaultListableBeanFactory.doGetBeanNamesForType(DefaultListableBeanFactory.java:562)
	at org.springframework.beans.factory.support.DefaultListableBeanFactory.getBeanNamesForType(DefaultListableBeanFactory.java:534)
	at org.springframework.boot.autoconfigure.condition.OnBeanCondition.collectBeanNamesForType(OnBeanCondition.java:247)
	at org.springframework.boot.autoconfigure.condition.OnBeanCondition.getBeanNamesForType(OnBeanCondition.java:240)
	at org.springframework.boot.autoconfigure.condition.OnBeanCondition.getBeanNamesForType(OnBeanCondition.java:230)
	at org.springframework.boot.autoconfigure.condition.OnBeanCondition.getMatchingBeans(OnBeanCondition.java:183)
	at org.springframework.boot.autoconfigure.condition.OnBeanCondition.getMatchOutcome(OnBeanCondition.java:158)
	at org.springframework.boot.autoconfigure.condition.SpringBootCondition.matches(SpringBootCondition.java:47)
	... 22 common frames omitted
Caused by: java.lang.NoClassDefFoundError: software/amazon/awssdk/awscore/AwsClient
	at java.base/java.lang.ClassLoader.defineClass1(Native Method)
	at java.base/java.lang.ClassLoader.defineClass(ClassLoader.java:1012)
	at java.base/java.security.SecureClassLoader.defineClass(SecureClassLoader.java:150)
	at java.base/jdk.internal.loader.BuiltinClassLoader.defineClass(BuiltinClassLoader.java:862)
	at java.base/jdk.internal.loader.BuiltinClassLoader.findClassOnClassPathOrNull(BuiltinClassLoader.java:760)
	at java.base/jdk.internal.loader.BuiltinClassLoader.loadClassOrNull(BuiltinClassLoader.java:681)
	at java.base/jdk.internal.loader.BuiltinClassLoader.loadClass(BuiltinClassLoader.java:639)
	at java.base/jdk.internal.loader.ClassLoaders$AppClassLoader.loadClass(ClassLoaders.java:188)
	at java.base/java.lang.ClassLoader.loadClass(ClassLoader.java:520)
	at java.base/java.lang.Class.forName0(Native Method)
	at java.base/java.lang.Class.forName(Class.java:467)
	at org.springframework.boot.devtools.restart.classloader.RestartClassLoader.loadClass(RestartClassLoader.java:121)
	at java.base/java.lang.ClassLoader.loadClass(ClassLoader.java:520)
	at java.base/java.lang.Class.getDeclaredMethods0(Native Method)
	at java.base/java.lang.Class.privateGetDeclaredMethods(Class.java:3402)
	at java.base/java.lang.Class.getDeclaredMethods(Class.java:2504)
	at org.springframework.util.ReflectionUtils.getDeclaredMethods(ReflectionUtils.java:465)
	... 38 common frames omitted
Caused by: java.lang.ClassNotFoundException: software.amazon.awssdk.awscore.AwsClient
	at java.base/jdk.internal.loader.BuiltinClassLoader.loadClass(BuiltinClassLoader.java:641)
	at java.base/jdk.internal.loader.ClassLoaders$AppClassLoader.loadClass(ClassLoaders.java:188)
	at java.base/java.lang.ClassLoader.loadClass(ClassLoader.java:520)
	... 55 common frames omitted
2024-07-12 13:04:20,256 INFO [restartedMain] c.s.Application logStarting:50 - Starting Application using Java 17.0.5 with PID 17096 (C:\Users\AnkitPandey\Personal\SmartKrow\target\classes started by AnkitPandey in C:\Users\AnkitPandey\Personal\SmartKrow)
2024-07-12 13:04:20,257 INFO [restartedMain] c.s.Application logStartupProfileInfo:654 - No active profile set, falling back to 1 default profile: "default"
2024-07-12 13:04:20,305 INFO [restartedMain] o.s.b.d.e.DevToolsPropertyDefaultsPostProcessor logTo:252 - Devtools property defaults active! Set 'spring.devtools.add-properties' to 'false' to disable
2024-07-12 13:04:20,305 INFO [restartedMain] o.s.b.d.e.DevToolsPropertyDefaultsPostProcessor logTo:252 - For additional web related logging consider setting the 'logging.level.web' property to 'DEBUG'
2024-07-12 13:04:20,739 WARN [restartedMain] o.s.b.w.s.c.AnnotationConfigServletWebServerApplicationContext refresh:632 - Exception encountered during context initialization - cancelling refresh attempt: java.lang.IllegalStateException: Error processing condition on org.springframework.boot.autoconfigure.context.PropertyPlaceholderAutoConfiguration.propertySourcesPlaceholderConfigurer
2024-07-12 13:04:20,745 INFO [restartedMain] o.s.b.a.l.ConditionEvaluationReportLogger logMessage:82 - 

Error starting ApplicationContext. To display the condition evaluation report re-run your application with 'debug' enabled.
2024-07-12 13:04:20,771 ERROR [restartedMain] o.s.b.SpringApplication reportFailure:859 - Application run failed
java.lang.IllegalStateException: Error processing condition on org.springframework.boot.autoconfigure.context.PropertyPlaceholderAutoConfiguration.propertySourcesPlaceholderConfigurer
	at org.springframework.boot.autoconfigure.condition.SpringBootCondition.matches(SpringBootCondition.java:60)
	at org.springframework.context.annotation.ConditionEvaluator.shouldSkip(ConditionEvaluator.java:108)
	at org.springframework.context.annotation.ConfigurationClassBeanDefinitionReader.loadBeanDefinitionsForBeanMethod(ConfigurationClassBeanDefinitionReader.java:183)
	at org.springframework.context.annotation.ConfigurationClassBeanDefinitionReader.loadBeanDefinitionsForConfigurationClass(ConfigurationClassBeanDefinitionReader.java:144)
	at org.springframework.context.annotation.ConfigurationClassBeanDefinitionReader.loadBeanDefinitions(ConfigurationClassBeanDefinitionReader.java:120)
	at org.springframework.context.annotation.ConfigurationClassPostProcessor.processConfigBeanDefinitions(ConfigurationClassPostProcessor.java:429)
	at org.springframework.context.annotation.ConfigurationClassPostProcessor.postProcessBeanDefinitionRegistry(ConfigurationClassPostProcessor.java:290)
	at org.springframework.context.support.PostProcessorRegistrationDelegate.invokeBeanDefinitionRegistryPostProcessors(PostProcessorRegistrationDelegate.java:349)
	at org.springframework.context.support.PostProcessorRegistrationDelegate.invokeBeanFactoryPostProcessors(PostProcessorRegistrationDelegate.java:118)
	at org.springframework.context.support.AbstractApplicationContext.invokeBeanFactoryPostProcessors(AbstractApplicationContext.java:788)
	at org.springframework.context.support.AbstractApplicationContext.refresh(AbstractApplicationContext.java:606)
	at org.springframework.boot.web.servlet.context.ServletWebServerApplicationContext.refresh(ServletWebServerApplicationContext.java:146)
	at org.springframework.boot.SpringApplication.refresh(SpringApplication.java:754)
	at org.springframework.boot.SpringApplication.refreshContext(SpringApplication.java:456)
	at org.springframework.boot.SpringApplication.run(SpringApplication.java:335)
	at org.springframework.boot.SpringApplication.run(SpringApplication.java:1363)
	at org.springframework.boot.SpringApplication.run(SpringApplication.java:1352)
	at com.archiveapi.Application.main(Application.java:12)
	at java.base/jdk.internal.reflect.NativeMethodAccessorImpl.invoke0(Native Method)
	at java.base/jdk.internal.reflect.NativeMethodAccessorImpl.invoke(NativeMethodAccessorImpl.java:77)
	at java.base/jdk.internal.reflect.DelegatingMethodAccessorImpl.invoke(DelegatingMethodAccessorImpl.java:43)
	at java.base/java.lang.reflect.Method.invoke(Method.java:568)
	at org.springframework.boot.devtools.restart.RestartLauncher.run(RestartLauncher.java:50)
Caused by: java.lang.IllegalStateException: Failed to introspect Class [com.archiveapi.configuration.SecretManager] from ClassLoader [org.springframework.boot.devtools.restart.classloader.RestartClassLoader@6ba618da]
	at org.springframework.util.ReflectionUtils.getDeclaredMethods(ReflectionUtils.java:483)
	at org.springframework.util.ReflectionUtils.doWithMethods(ReflectionUtils.java:360)
	at org.springframework.util.ReflectionUtils.getUniqueDeclaredMethods(ReflectionUtils.java:417)
	at org.springframework.beans.factory.support.AbstractAutowireCapableBeanFactory.lambda$getTypeForFactoryMethod$1(AbstractAutowireCapableBeanFactory.java:750)
	at java.base/java.util.concurrent.ConcurrentHashMap.computeIfAbsent(ConcurrentHashMap.java:1740)
	at org.springframework.beans.factory.support.AbstractAutowireCapableBeanFactory.getTypeForFactoryMethod(AbstractAutowireCapableBeanFactory.java:749)
	at org.springframework.beans.factory.support.AbstractAutowireCapableBeanFactory.determineTargetType(AbstractAutowireCapableBeanFactory.java:682)
	at org.springframework.beans.factory.support.AbstractAutowireCapableBeanFactory.predictBeanType(AbstractAutowireCapableBeanFactory.java:653)
	at org.springframework.beans.factory.support.AbstractBeanFactory.isFactoryBean(AbstractBeanFactory.java:1687)
	at org.springframework.beans.factory.support.DefaultListableBeanFactory.doGetBeanNamesForType(DefaultListableBeanFactory.java:562)
	at org.springframework.beans.factory.support.DefaultListableBeanFactory.getBeanNamesForType(DefaultListableBeanFactory.java:534)
	at org.springframework.boot.autoconfigure.condition.OnBeanCondition.collectBeanNamesForType(OnBeanCondition.java:247)
	at org.springframework.boot.autoconfigure.condition.OnBeanCondition.getBeanNamesForType(OnBeanCondition.java:240)
	at org.springframework.boot.autoconfigure.condition.OnBeanCondition.getBeanNamesForType(OnBeanCondition.java:230)
	at org.springframework.boot.autoconfigure.condition.OnBeanCondition.getMatchingBeans(OnBeanCondition.java:183)
	at org.springframework.boot.autoconfigure.condition.OnBeanCondition.getMatchOutcome(OnBeanCondition.java:158)
	at org.springframework.boot.autoconfigure.condition.SpringBootCondition.matches(SpringBootCondition.java:47)
	... 22 common frames omitted
Caused by: java.lang.NoClassDefFoundError: software/amazon/awssdk/awscore/AwsClient
	at java.base/java.lang.ClassLoader.defineClass1(Native Method)
	at java.base/java.lang.ClassLoader.defineClass(ClassLoader.java:1012)
	at java.base/java.security.SecureClassLoader.defineClass(SecureClassLoader.java:150)
	at java.base/jdk.internal.loader.BuiltinClassLoader.defineClass(BuiltinClassLoader.java:862)
	at java.base/jdk.internal.loader.BuiltinClassLoader.findClassOnClassPathOrNull(BuiltinClassLoader.java:760)
	at java.base/jdk.internal.loader.BuiltinClassLoader.loadClassOrNull(BuiltinClassLoader.java:681)
	at java.base/jdk.internal.loader.BuiltinClassLoader.loadClass(BuiltinClassLoader.java:639)
	at java.base/jdk.internal.loader.ClassLoaders$AppClassLoader.loadClass(ClassLoaders.java:188)
	at java.base/java.lang.ClassLoader.loadClass(ClassLoader.java:520)
	at java.base/java.lang.Class.forName0(Native Method)
	at java.base/java.lang.Class.forName(Class.java:467)
	at org.springframework.boot.devtools.restart.classloader.RestartClassLoader.loadClass(RestartClassLoader.java:121)
	at java.base/java.lang.ClassLoader.loadClass(ClassLoader.java:520)
	at java.base/java.lang.Class.getDeclaredMethods0(Native Method)
	at java.base/java.lang.Class.privateGetDeclaredMethods(Class.java:3402)
	at java.base/java.lang.Class.getDeclaredMethods(Class.java:2504)
	at org.springframework.util.ReflectionUtils.getDeclaredMethods(ReflectionUtils.java:465)
	... 38 common frames omitted
Caused by: java.lang.ClassNotFoundException: software.amazon.awssdk.awscore.AwsClient
	at java.base/jdk.internal.loader.BuiltinClassLoader.loadClass(BuiltinClassLoader.java:641)
	at java.base/jdk.internal.loader.ClassLoaders$AppClassLoader.loadClass(ClassLoaders.java:188)
	at java.base/java.lang.ClassLoader.loadClass(ClassLoader.java:520)
	... 55 common frames omitted
